2023-08-06 05:01:02.851350 - Initialized conversion of CBT520
2023-08-06 05:01:03.053013 - Received CBT.V505.FILE520.PDS from FILE520.XMI 
2023-08-06 05:01:03.055404 - Found $$$#DATE.txt (text/plain) in CBT.V505.FILE520.PDS, moved to PDS/$$$#DATE
2023-08-06 05:01:03.056532 - Found $$NOTE01.txt (text/plain) in CBT.V505.FILE520.PDS, moved to PDS/$$NOTE01
2023-08-06 05:01:03.057582 - Found $PDSLOAD.jcl (text/plain) in CBT.V505.FILE520.PDS, moved to PDS/$PDSLOAD
2023-08-06 05:01:03.058504 - Found $SCCPDSD.txt (text/plain) in CBT.V505.FILE520.PDS, moved to PDS/$SCCPDSD
2023-08-06 05:01:03.059527 - Found $SCCPDSR.txt (text/plain) in CBT.V505.FILE520.PDS, moved to PDS/$SCCPDSR
2023-08-06 05:01:03.060501 - Found $WILDCAR.txt (text/plain) in CBT.V505.FILE520.PDS, moved to PDS/$WILDCAR
2023-08-06 05:01:03.061507 - Found @FILE520.txt (text/plain) in CBT.V505.FILE520.PDS, moved to PDS/@FILE520
2023-08-06 05:01:03.062460 - Found DSN4DD.txt (text/plain) in CBT.V505.FILE520.PDS, moved to PDS/DSN4DD
2023-08-06 05:01:03.063373 - Found ID.txt (text/plain) in CBT.V505.FILE520.PDS, moved to PDS/ID
2023-08-06 05:01:03.064248 - Found MERGE@PC.rexx (text/plain) in CBT.V505.FILE520.PDS, moved to PDS/MERGE@PC
2023-08-06 05:01:03.069819 - Found PDSLOAD.xmi (application/xmit) in CBT.V505.FILE520.PDS
2023-08-06 05:01:03.077289   - Received RECFM=U data, stored XMIT file as CBT520/PDSLOAD.xmi
2023-08-06 05:01:03.078430 - Found SCC@DSN.txt (text/plain) in CBT.V505.FILE520.PDS, moved to PDS/SCC@DSN
2023-08-06 05:01:03.079693 - Found SCCALLOC.txt (text/plain) in CBT.V505.FILE520.PDS, moved to PDS/SCCALLOC
2023-08-06 05:01:03.080696 - Found SCCPDSD.txt (text/plain) in CBT.V505.FILE520.PDS, moved to PDS/SCCPDSD
2023-08-06 05:01:03.081685 - Found SCCPDSR.txt (text/plain) in CBT.V505.FILE520.PDS, moved to PDS/SCCPDSR
2023-08-06 05:01:03.082822 - Found SCXSORT.txt (text/plain) in CBT.V505.FILE520.PDS, moved to PDS/SCXSORT
2023-08-06 05:01:03.083912 - Found VARLIST.txt (text/plain) in CBT.V505.FILE520.PDS, moved to PDS/VARLIST
2023-08-06 05:01:03.084853 - Found VARLISTS.txt (text/plain) in CBT.V505.FILE520.PDS, moved to PDS/VARLISTS
2023-08-06 05:01:03.085916 - Found WILDCARD.txt (text/plain) in CBT.V505.FILE520.PDS, moved to PDS/WILDCARD
